TN:
SF:script.js
FN:5,add
FN:9,subtract
FN:13,multiply
FN:17,divide
FN:22,operate
FNF:5
FNH:5
FNDA:3,add
FNDA:2,subtract
FNDA:2,multiply
FNDA:2,divide
FNDA:5,operate
DA:1,1
DA:2,1
DA:3,1
DA:4,1
DA:5,1
DA:6,3
DA:7,3
DA:8,1
DA:9,1
DA:10,2
DA:11,2
DA:12,1
DA:13,1
DA:14,2
DA:15,2
DA:16,1
DA:17,1
DA:18,2
DA:19,2
DA:20,1
DA:21,1
DA:22,5
DA:23,5
DA:24,2
DA:25,5
DA:26,1
DA:27,3
DA:28,1
DA:29,1
DA:30,1
DA:31,5
DA:32,1
DA:33,1
DA:34,1
DA:35,1
DA:36,1
DA:37,1
DA:38,1
DA:39,1
DA:40,1
DA:41,1
DA:42,1
LF:42
LH:42
BRDA:5,0,0,3
BRDA:9,1,0,2
BRDA:13,2,0,2
BRDA:17,3,0,2
BRDA:22,4,0,5
BRDA:23,5,0,2
BRDA:25,6,0,3
BRDA:25,7,0,1
BRDA:27,8,0,2
BRDA:27,9,0,1
BRF:10
BRH:10
end_of_record
